<?xml version="1.0" encoding="UTF-8"?>
<!-- Generated by org.testng.reporters.JUnitXMLReporter -->
<testsuite hostname="PAL-BLR-VINU" name="Default test" tests="10" failures="0" timestamp="11 May 2020 04:22:40 GMT" time="962.926" errors="0">
  <testcase name="getUrlAndName" time="99.99" classname="cloudAutomation.CheckingTheErrors"/>
  <testcase name="getUrlAndName" time="89.116" classname="cloudAutomation.CheckingTheErrors"/>
  <testcase name="getUrlAndName" time="86.994" classname="cloudAutomation.CheckingTheErrors"/>
  <testcase name="getUrlAndName" time="86.856" classname="cloudAutomation.CheckingTheErrors"/>
  <testcase name="getUrlAndName" time="89.122" classname="cloudAutomation.CheckingTheErrors"/>
  <testcase name="getUrlAndName" time="84.048" classname="cloudAutomation.CheckingTheErrors"/>
  <testcase name="getUrlAndName" time="86.597" classname="cloudAutomation.CheckingTheErrors"/>
  <testcase name="getUrlAndName" time="125.443" classname="cloudAutomation.CheckingTheErrors"/>
  <testcase name="getUrlAndName" time="85.123" classname="cloudAutomation.CheckingTheErrors"/>
  <testcase name="getUrlAndName" time="125.233" classname="cloudAutomation.CheckingTheErrors"/>
</testsuite> <!-- Default test -->
